c:\users\bentu\onedrive\bureaublad\school_documenten\jaar_3\blok_12\depa\eindopdracht\eindopdracht_depa\build\circuitsimulator.dir\debug\vc143.pdb
c:\users\bentu\onedrive\bureaublad\school_documenten\jaar_3\blok_12\depa\eindopdracht\eindopdracht_depa\build\circuitsimulator.dir\debug\xorgate.obj
c:\users\bentu\onedrive\bureaublad\school_documenten\jaar_3\blok_12\depa\eindopdracht\eindopdracht_depa\build\circuitsimulator.dir\debug\simulator.obj
c:\users\bentu\onedrive\bureaublad\school_documenten\jaar_3\blok_12\depa\eindopdracht\eindopdracht_depa\build\circuitsimulator.dir\debug\probenode.obj
c:\users\bentu\onedrive\bureaublad\school_documenten\jaar_3\blok_12\depa\eindopdracht\eindopdracht_depa\build\circuitsimulator.dir\debug\orgate.obj
c:\users\bentu\onedrive\bureaublad\school_documenten\jaar_3\blok_12\depa\eindopdracht\eindopdracht_depa\build\circuitsimulator.dir\debug\notgate.obj
c:\users\bentu\onedrive\bureaublad\school_documenten\jaar_3\blok_12\depa\eindopdracht\eindopdracht_depa\build\circuitsimulator.dir\debug\norgate.obj
c:\users\bentu\onedrive\bureaublad\school_documenten\jaar_3\blok_12\depa\eindopdracht\eindopdracht_depa\build\circuitsimulator.dir\debug\nandgate.obj
c:\users\bentu\onedrive\bureaublad\school_documenten\jaar_3\blok_12\depa\eindopdracht\eindopdracht_depa\build\circuitsimulator.dir\debug\inputnode.obj
c:\users\bentu\onedrive\bureaublad\school_documenten\jaar_3\blok_12\depa\eindopdracht\eindopdracht_depa\build\circuitsimulator.dir\debug\gatenode.obj
c:\users\bentu\onedrive\bureaublad\school_documenten\jaar_3\blok_12\depa\eindopdracht\eindopdracht_depa\build\circuitsimulator.dir\debug\filereader.obj
c:\users\bentu\onedrive\bureaublad\school_documenten\jaar_3\blok_12\depa\eindopdracht\eindopdracht_depa\build\circuitsimulator.dir\debug\componentfactory.obj
c:\users\bentu\onedrive\bureaublad\school_documenten\jaar_3\blok_12\depa\eindopdracht\eindopdracht_depa\build\circuitsimulator.dir\debug\component.obj
c:\users\bentu\onedrive\bureaublad\school_documenten\jaar_3\blok_12\depa\eindopdracht\eindopdracht_depa\build\circuitsimulator.dir\debug\circuit.obj
c:\users\bentu\onedrive\bureaublad\school_documenten\jaar_3\blok_12\depa\eindopdracht\eindopdracht_depa\build\circuitsimulator.dir\debug\application.obj
c:\users\bentu\onedrive\bureaublad\school_documenten\jaar_3\blok_12\depa\eindopdracht\eindopdracht_depa\build\circuitsimulator.dir\debug\andgate.obj
c:\users\bentu\onedrive\bureaublad\school_documenten\jaar_3\blok_12\depa\eindopdracht\eindopdracht_depa\build\circuitsimulator.dir\debug\main.obj
c:\users\bentu\onedrive\bureaublad\school_documenten\jaar_3\blok_12\depa\eindopdracht\eindopdracht_depa\build\cmakefiles\generate.stamp
c:\users\bentu\onedrive\bureaublad\school_documenten\jaar_3\blok_12\depa\eindopdracht\eindopdracht_depa\build\debug\circuitsimulator.exe
c:\users\bentu\onedrive\bureaublad\school_documenten\jaar_3\blok_12\depa\eindopdracht\eindopdracht_depa\build\debug\circuitsimulator.pdb
c:\users\bentu\onedrive\bureaublad\school_documenten\jaar_3\blok_12\depa\eindopdracht\eindopdracht_depa\build\circuitsimulator.dir\debug\circuitsimulator.ilk
c:\users\bentu\onedrive\bureaublad\school_documenten\jaar_3\blok_12\depa\eindopdracht\eindopdracht_depa\build\circuitsimulator.dir\debug\circuitsimulator.tlog\cl.command.1.tlog
c:\users\bentu\onedrive\bureaublad\school_documenten\jaar_3\blok_12\depa\eindopdracht\eindopdracht_depa\build\circuitsimulator.dir\debug\circuitsimulator.tlog\cl.items.tlog
c:\users\bentu\onedrive\bureaublad\school_documenten\jaar_3\blok_12\depa\eindopdracht\eindopdracht_depa\build\circuitsimulator.dir\debug\circuitsimulator.tlog\cl.read.1.tlog
c:\users\bentu\onedrive\bureaublad\school_documenten\jaar_3\blok_12\depa\eindopdracht\eindopdracht_depa\build\circuitsimulator.dir\debug\circuitsimulator.tlog\cl.write.1.tlog
c:\users\bentu\onedrive\bureaublad\school_documenten\jaar_3\blok_12\depa\eindopdracht\eindopdracht_depa\build\circuitsimulator.dir\debug\circuitsimulator.tlog\custombuild.command.1.tlog
c:\users\bentu\onedrive\bureaublad\school_documenten\jaar_3\blok_12\depa\eindopdracht\eindopdracht_depa\build\circuitsimulator.dir\debug\circuitsimulator.tlog\custombuild.read.1.tlog
c:\users\bentu\onedrive\bureaublad\school_documenten\jaar_3\blok_12\depa\eindopdracht\eindopdracht_depa\build\circuitsimulator.dir\debug\circuitsimulator.tlog\custombuild.write.1.tlog
c:\users\bentu\onedrive\bureaublad\school_documenten\jaar_3\blok_12\depa\eindopdracht\eindopdracht_depa\build\circuitsimulator.dir\debug\circuitsimulator.tlog\link.command.1.tlog
c:\users\bentu\onedrive\bureaublad\school_documenten\jaar_3\blok_12\depa\eindopdracht\eindopdracht_depa\build\circuitsimulator.dir\debug\circuitsimulator.tlog\link.read.1.tlog
c:\users\bentu\onedrive\bureaublad\school_documenten\jaar_3\blok_12\depa\eindopdracht\eindopdracht_depa\build\circuitsimulator.dir\debug\circuitsimulator.tlog\link.secondary.1.tlog
c:\users\bentu\onedrive\bureaublad\school_documenten\jaar_3\blok_12\depa\eindopdracht\eindopdracht_depa\build\circuitsimulator.dir\debug\circuitsimulator.tlog\link.write.1.tlog
